<?xml version="1.0" encoding="UTF-8"?>
<!-- Generated by org.testng.reporters.JUnitReportReporter -->
<testsuite hostname="DESKTOP-J77L1O0" failures="0" tests="1" name="SeleniumAutomate.SeleniumAutomate.Mouse_Keyboard_Operation" time="34.442" errors="0" timestamp="2022-08-22T09:40:04 IST" skipped="0">
  <testcase classname="SeleniumAutomate.SeleniumAutomate.Mouse_Keyboard_Operation" name="mouse_keyboard" time="34.442"/>
  <system-out/>
</testsuite> <!-- SeleniumAutomate.SeleniumAutomate.Mouse_Keyboard_Operation -->
