<?xml version="1.0" encoding="UTF-8"?>
<!-- Generated by org.testng.reporters.JUnitReportReporter -->
<testsuite hostname="DESKTOP-J77L1O0" failures="0" tests="1" name="SeleniumAutomate.SeleniumAutomate.ActionTimeLink" time="14.700" errors="0" timestamp="2022-08-20T19:30:13 IST" skipped="0">
  <testcase classname="SeleniumAutomate.SeleniumAutomate.ActionTimeLink" name="fb_automation" time="14.700"/>
  <system-out/>
</testsuite> <!-- SeleniumAutomate.SeleniumAutomate.ActionTimeLink -->
