<?xml version="1.0" encoding="UTF-8"?>
<!-- Generated by org.testng.reporters.JUnitReportReporter -->
<testsuite hostname="DESKTOP-J77L1O0" failures="0" tests="1" name="SeleniumAutomate.SeleniumAutomate.WebElement_Interface_Method" time="16.468" errors="0" timestamp="2022-08-26T12:37:44 IST" skipped="0">
  <testcase classname="SeleniumAutomate.SeleniumAutomate.WebElement_Interface_Method" name="VerifyInstagram_GetLocationMethod" time="16.468"/>
  <system-out/>
</testsuite> <!-- SeleniumAutomate.SeleniumAutomate.WebElement_Interface_Method -->
