<?xml version="1.0" encoding="UTF-8"?>
<!-- Generated by org.testng.reporters.JUnitReportReporter -->
<testsuite hostname="DESKTOP-J77L1O0" failures="0" tests="1" name="SeleniumAutomate.SeleniumAutomate.Waits_Explicity_and_Implicity" time="1.013" errors="0" timestamp="2022-09-01T19:05:36 IST" skipped="0">
  <testcase classname="SeleniumAutomate.SeleniumAutomate.Waits_Explicity_and_Implicity" name="implicity_waits" time="1.013"/>
  <system-out/>
</testsuite> <!-- SeleniumAutomate.SeleniumAutomate.Waits_Explicity_and_Implicity -->
