<?xml version="1.0" encoding="UTF-8"?>
<!-- Generated by org.testng.reporters.JUnitReportReporter -->
<testsuite hostname="DESKTOP-J77L1O0" failures="0" tests="1" name="SeleniumAutomate.SeleniumAutomate.LounchBrowser" time="19.188" errors="0" timestamp="2022-08-22T15:29:30 IST" skipped="0">
  <testcase classname="SeleniumAutomate.SeleniumAutomate.LounchBrowser" name="edgeBrowser" time="19.188"/>
  <system-out/>
</testsuite> <!-- SeleniumAutomate.SeleniumAutomate.LounchBrowser -->
