<?xml version="1.0" encoding="UTF-8"?>
<!-- Generated by org.testng.reporters.JUnitReportReporter -->
<testsuite hostname="DESKTOP-J77L1O0" failures="0" tests="1" name="SeleniumAutomate.SeleniumAutomate.VerifyhomepageUsingUrl" time="38.809" errors="0" timestamp="2022-08-24T23:59:54 IST" skipped="0">
  <testcase classname="SeleniumAutomate.SeleniumAutomate.VerifyhomepageUsingUrl" name="home_page" time="38.809"/>
  <system-out/>
</testsuite> <!-- SeleniumAutomate.SeleniumAutomate.VerifyhomepageUsingUrl -->
