<?xml version="1.0" encoding="UTF-8"?>
<!-- Generated by org.testng.reporters.JUnitReportReporter -->
<testsuite hostname="DESKTOP-J77L1O0" failures="0" tests="1" name="SeleniumAutomate.SeleniumAutomate.Web_Table" time="0.365" errors="0" timestamp="2022-09-08T09:54:20 IST" skipped="0">
  <testcase classname="SeleniumAutomate.SeleniumAutomate.Web_Table" name="HashMapExample_printtheOcuuranceOfPoori" time="0.365"/>
  <system-out/>
</testsuite> <!-- SeleniumAutomate.SeleniumAutomate.Web_Table -->
