<?xml version="1.0" encoding="UTF-8"?>
<!-- Generated by org.testng.reporters.JUnitReportReporter -->
<testsuite hostname="DESKTOP-J77L1O0" failures="0" tests="1" name="SeleniumAutomate.SeleniumAutomate.ActionTimeLink" time="15.617" errors="0" timestamp="2022-08-22T12:33:27 IST" skipped="0">
  <testcase classname="SeleniumAutomate.SeleniumAutomate.ActionTimeLink" name="fb_automation" time="15.617"/>
  <system-out/>
</testsuite> <!-- SeleniumAutomate.SeleniumAutomate.ActionTimeLink -->
