<?xml version="1.0" encoding="UTF-8"?>
<!-- Generated by org.testng.reporters.JUnitReportReporter -->
<testsuite hostname="DESKTOP-J77L1O0" failures="0" tests="1" name="SeleniumAutomate.SeleniumAutomate.Facebook_CSS_selector" time="46.460" errors="0" timestamp="2022-08-24T00:39:53 IST" skipped="0">
  <testcase classname="SeleniumAutomate.SeleniumAutomate.Facebook_CSS_selector" name="facebookCSS" time="46.460"/>
  <system-out/>
</testsuite> <!-- SeleniumAutomate.SeleniumAutomate.Facebook_CSS_selector -->
