<?xml version="1.0" encoding="UTF-8"?>
<!-- Generated by org.testng.reporters.JUnitReportReporter -->
<testsuite hostname="DESKTOP-J77L1O0" failures="0" tests="1" name="SeleniumAutomate.SeleniumAutomate.Actitime_LoginPage" time="5.857" errors="0" timestamp="2022-08-29T11:15:27 IST" skipped="0">
  <testcase classname="SeleniumAutomate.SeleniumAutomate.Actitime_LoginPage" name="VerifyFB_Usernamefield_lessthanMobileNumberField" time="5.857"/>
  <system-out/>
</testsuite> <!-- SeleniumAutomate.SeleniumAutomate.Actitime_LoginPage -->
