<?xml version="1.0" encoding="UTF-8"?>
<!-- Generated by org.testng.reporters.JUnitReportReporter -->
<testsuite hostname="DESKTOP-J77L1O0" failures="0" tests="1" name="SeleniumAutomate.SeleniumAutomate.Web_Elements" time="21.815" errors="0" timestamp="2022-08-24T01:11:57 IST" skipped="0">
  <testcase classname="SeleniumAutomate.SeleniumAutomate.Web_Elements" name="RemoveElementFromTextBox" time="21.815"/>
  <system-out/>
</testsuite> <!-- SeleniumAutomate.SeleniumAutomate.Web_Elements -->
