<?xml version="1.0" encoding="UTF-8"?>
<!-- Generated by org.testng.reporters.JUnitReportReporter -->
<testsuite hostname="DESKTOP-J77L1O0" failures="0" tests="1" name="SeleniumAutomate.SeleniumAutomate.TakeScreenshots" time="16.058" errors="0" timestamp="2022-08-20T19:36:18 IST" skipped="0">
  <testcase classname="SeleniumAutomate.SeleniumAutomate.TakeScreenshots" name="screenshots" time="16.058"/>
  <system-out/>
</testsuite> <!-- SeleniumAutomate.SeleniumAutomate.TakeScreenshots -->
