<?xml version="1.0" encoding="UTF-8"?>
<!-- Generated by org.testng.reporters.JUnitReportReporter -->
<testsuite hostname="DESKTOP-J77L1O0" failures="0" tests="1" name="SeleniumAutomate.SeleniumAutomate.JavaScript_Executor_Concepts" time="9.381" errors="0" timestamp="2022-09-01T01:39:29 IST" skipped="0">
  <testcase classname="SeleniumAutomate.SeleniumAutomate.JavaScript_Executor_Concepts" name="NavigatetoBottomofthePage" time="9.381"/>
  <system-out/>
</testsuite> <!-- SeleniumAutomate.SeleniumAutomate.JavaScript_Executor_Concepts -->
