<?xml version="1.0" encoding="UTF-8"?>
<!-- Generated by org.testng.reporters.JUnitReportReporter -->
<testsuite hostname="DESKTOP-J77L1O0" failures="0" tests="1" name="SeleniumAutomate.SeleniumAutomate.Frame_Handling" time="18.171" errors="0" timestamp="2022-09-03T09:25:58 IST" skipped="0">
  <testcase classname="SeleniumAutomate.SeleniumAutomate.Frame_Handling" name="frame_demo" time="18.171"/>
  <system-out/>
</testsuite> <!-- SeleniumAutomate.SeleniumAutomate.Frame_Handling -->
