<?xml version="1.0" encoding="UTF-8"?>
<!-- Generated by org.testng.reporters.JUnitReportReporter -->
<testsuite hostname="DESKTOP-J77L1O0" failures="0" tests="1" name="SeleniumAutomate.SeleniumAutomate.Web_Elements" time="19.031" errors="0" timestamp="2022-08-29T12:00:36 IST" skipped="0">
  <testcase classname="SeleniumAutomate.SeleniumAutomate.Web_Elements" name="RemoveElementFromTextBox" time="19.031"/>
  <system-out/>
</testsuite> <!-- SeleniumAutomate.SeleniumAutomate.Web_Elements -->
