<?xml version="1.0" encoding="UTF-8"?>
<!-- Generated by org.testng.reporters.JUnitReportReporter -->
<testsuite hostname="DESKTOP-J77L1O0" failures="0" tests="1" name="SeleniumAutomate.SeleniumAutomate.Web_Table" time="1.656" errors="0" timestamp="2022-09-09T00:15:42 IST" skipped="0">
  <testcase classname="SeleniumAutomate.SeleniumAutomate.Web_Table" name="web_table_example" time="1.656"/>
  <system-out/>
</testsuite> <!-- SeleniumAutomate.SeleniumAutomate.Web_Table -->
