<?xml version="1.0" encoding="UTF-8"?>
<!-- Generated by org.testng.reporters.JUnitReportReporter -->
<testsuite hostname="DESKTOP-J77L1O0" failures="0" tests="1" name="SeleniumAutomate.SeleniumAutomate.VerifyhomepageUsingTitle" time="21.629" errors="0" timestamp="2022-08-25T13:45:45 IST" skipped="0">
  <testcase classname="SeleniumAutomate.SeleniumAutomate.VerifyhomepageUsingTitle" name="home_page_title" time="21.629"/>
  <system-out/>
</testsuite> <!-- SeleniumAutomate.SeleniumAutomate.VerifyhomepageUsingTitle -->
