<?xml version="1.0" encoding="UTF-8"?>
<!-- Generated by org.testng.reporters.JUnitReportReporter -->
<testsuite hostname="DESKTOP-J77L1O0" failures="0" tests="1" name="SeleniumAutomate.SeleniumAutomate.Facebook_Login" time="16.813" errors="0" timestamp="2022-08-23T09:20:14 IST" skipped="0">
  <testcase classname="SeleniumAutomate.SeleniumAutomate.Facebook_Login" name="fb_automation" time="16.813"/>
  <system-out/>
</testsuite> <!-- SeleniumAutomate.SeleniumAutomate.Facebook_Login -->
