<?xml version="1.0" encoding="UTF-8"?>
<!-- Generated by org.testng.reporters.JUnitReportReporter -->
<testsuite hostname="DESKTOP-J77L1O0" failures="0" tests="1" name="SeleniumAutomate.SeleniumAutomate.LaunchBrowser" time="26.975" errors="0" timestamp="2022-08-23T13:07:31 IST" skipped="0">
  <testcase classname="SeleniumAutomate.SeleniumAutomate.LaunchBrowser" name="edgeBrowser" time="26.975"/>
  <system-out/>
</testsuite> <!-- SeleniumAutomate.SeleniumAutomate.LaunchBrowser -->
