<?xml version="1.0" encoding="UTF-8"?>
<!-- Generated by org.testng.reporters.JUnitReportReporter -->
<testsuite hostname="DESKTOP-J77L1O0" failures="0" tests="1" name="SeleniumAutomate.SeleniumAutomate.Facebook_SignUp" time="43.595" errors="0" timestamp="2022-08-22T11:44:00 IST" skipped="0">
  <testcase classname="SeleniumAutomate.SeleniumAutomate.Facebook_SignUp" name="signUp" time="43.595"/>
  <system-out/>
</testsuite> <!-- SeleniumAutomate.SeleniumAutomate.Facebook_SignUp -->
