<?xml version="1.0" encoding="UTF-8"?>
<!-- Generated by org.testng.reporters.JUnitReportReporter -->
<testsuite hostname="DESKTOP-J77L1O0" failures="0" tests="1" name="SeleniumAutomate.SeleniumAutomate.Auto_IT" time="10.436" errors="0" timestamp="2022-09-07T11:53:42 IST" skipped="0">
  <testcase classname="SeleniumAutomate.SeleniumAutomate.Auto_IT" name="file_upload_auto_it_1" time="10.436"/>
  <system-out/>
</testsuite> <!-- SeleniumAutomate.SeleniumAutomate.Auto_IT -->
