<?xml version="1.0" encoding="UTF-8"?>
<!-- Generated by org.testng.reporters.JUnitReportReporter -->
<testsuite hostname="DESKTOP-J77L1O0" failures="0" tests="1" name="SeleniumAutomate.SeleniumAutomate.Facebook_XPath" time="36.901" errors="0" timestamp="2022-08-23T23:37:24 IST" skipped="0">
  <testcase classname="SeleniumAutomate.SeleniumAutomate.Facebook_XPath" name="facebook_signup" time="36.901"/>
  <system-out/>
</testsuite> <!-- SeleniumAutomate.SeleniumAutomate.Facebook_XPath -->
