<?xml version="1.0" encoding="UTF-8"?>
<!-- Generated by org.testng.reporters.JUnitReportReporter -->
<testsuite hostname="DESKTOP-J77L1O0" failures="0" tests="1" name="SeleniumAutomate.SeleniumAutomate.LaunchBrowser" time="11.229" errors="0" timestamp="2022-08-22T15:46:04 IST" skipped="0">
  <testcase classname="SeleniumAutomate.SeleniumAutomate.LaunchBrowser" name="edgeBrowser" time="11.229"/>
  <system-out/>
</testsuite> <!-- SeleniumAutomate.SeleniumAutomate.LaunchBrowser -->
