<?xml version="1.0" encoding="UTF-8"?>
<!-- Generated by org.testng.reporters.JUnitReportReporter -->
<testsuite hostname="DESKTOP-J77L1O0" failures="0" tests="1" name="SeleniumAutomate.SeleniumAutomate.ActiveElementmethod" time="17.618" errors="0" timestamp="2022-09-02T13:43:50 IST" skipped="0">
  <testcase classname="SeleniumAutomate.SeleniumAutomate.ActiveElementmethod" name="remove_element_from_textbox" time="17.618"/>
  <system-out/>
</testsuite> <!-- SeleniumAutomate.SeleniumAutomate.ActiveElementmethod -->
