<?xml version="1.0" encoding="UTF-8"?>
<!-- Generated by org.testng.reporters.JUnitReportReporter -->
<testsuite hostname="DESKTOP-J77L1O0" failures="0" tests="1" name="SeleniumAutomate.SeleniumAutomate.WebElementInterfaceMethodsAll" time="31.832" errors="0" timestamp="2022-09-01T11:07:25 IST" skipped="0">
  <testcase classname="SeleniumAutomate.SeleniumAutomate.WebElementInterfaceMethodsAll" name="facebook_pages" time="31.832"/>
  <system-out/>
</testsuite> <!-- SeleniumAutomate.SeleniumAutomate.WebElementInterfaceMethodsAll -->
