<?xml version="1.0" encoding="UTF-8"?>
<!-- Generated by org.testng.reporters.JUnitReportReporter -->
<testsuite hostname="DESKTOP-J77L1O0" failures="0" tests="1" name="SeleniumAutomate.SeleniumAutomate.Facebook_SignUps" time="47.583" errors="0" timestamp="2022-08-23T23:13:45 IST" skipped="0">
  <testcase classname="SeleniumAutomate.SeleniumAutomate.Facebook_SignUps" name="signUp_crome" time="47.583"/>
  <system-out/>
</testsuite> <!-- SeleniumAutomate.SeleniumAutomate.Facebook_SignUps -->
