<?xml version="1.0" encoding="UTF-8"?>
<!-- Generated by org.testng.reporters.JUnitReportReporter -->
<testsuite hostname="DESKTOP-J77L1O0" failures="0" tests="1" name="SeleniumAutomate.SeleniumAutomate.Facebook_SignUps" time="51.367" errors="0" timestamp="2022-08-24T12:05:08 IST" skipped="0">
  <testcase classname="SeleniumAutomate.SeleniumAutomate.Facebook_SignUps" name="selection" time="51.367"/>
  <system-out/>
</testsuite> <!-- SeleniumAutomate.SeleniumAutomate.Facebook_SignUps -->
