<?xml version="1.0" encoding="UTF-8"?>
<!-- Generated by org.testng.reporters.JUnitReportReporter -->
<testsuite hostname="DESKTOP-J77L1O0" failures="0" tests="1" name="SeleniumAutomate.SeleniumAutomate.NavigateAction" time="29.457" errors="0" timestamp="2022-08-20T19:26:24 IST" skipped="0">
  <testcase classname="SeleniumAutomate.SeleniumAutomate.NavigateAction" name="testlounchbrowser" time="29.457"/>
  <system-out/>
</testsuite> <!-- SeleniumAutomate.SeleniumAutomate.NavigateAction -->
